\BOOKMARK [1][-]{section.1}{\376\377\116\373\122\241\116\313\176\315}{}% 1
\BOOKMARK [2][-]{subsection.1.1}{\376\377\230\230\166\356\173\200\217\360}{section.1}% 2
\BOOKMARK [2][-]{subsection.1.2}{\376\377\230\230\166\356\211\201\154\102}{section.1}% 3
\BOOKMARK [1][-]{section.2}{\376\377\121\110\121\263\147\141\116\366}{}% 4
\BOOKMARK [2][-]{subsection.2.1}{\376\377\226\066\116\130}{section.2}% 5
\BOOKMARK [3][-]{subsubsection.2.1.1}{\376\377\213\357\135\356\122\006\147\220}{subsection.2.1}% 6
\BOOKMARK [2][-]{subsection.2.2}{\376\377\136\102\217\320\173\227}{section.2}% 7
\BOOKMARK [3][-]{subsubsection.2.2.1}{\376\377\213\357\135\356\122\006\147\220}{subsection.2.2}% 8
\BOOKMARK [2][-]{subsection.2.3}{\376\377\176\335\133\371\120\074\217\320\173\227}{section.2}% 9
\BOOKMARK [3][-]{subsubsection.2.3.1}{\376\377\213\357\135\356\122\006\147\220}{subsection.2.3}% 10
\BOOKMARK [2][-]{subsection.2.4}{\376\377\136\163\145\271\150\071\217\320\173\227}{section.2}% 11
\BOOKMARK [2][-]{subsection.2.5}{\376\377\123\237\164\006\211\343\147\220}{section.2}% 12
\BOOKMARK [2][-]{subsection.2.6}{\376\377\173\227\154\325\155\101\172\013}{section.2}% 13
\BOOKMARK [2][-]{subsection.2.7}{\376\377\173\227\154\325\133\236\163\260}{section.2}% 14
\BOOKMARK [2][-]{subsection.2.8}{\376\377\172\013\136\217\150\106\126\376}{section.2}% 15
\BOOKMARK [2][-]{subsection.2.9}{\376\377\213\357\135\356\122\006\147\220}{section.2}% 16
\BOOKMARK [3][-]{subsubsection.2.9.1}{\376\377\145\271\154\325\213\357\135\356}{subsection.2.9}% 17
\BOOKMARK [3][-]{subsubsection.2.9.2}{\376\377\202\015\121\145\213\357\135\356}{subsection.2.9}% 18
\BOOKMARK [2][-]{subsection.2.10}{\376\377\213\241\173\227\116\343\116\367}{section.2}% 19
\BOOKMARK [2][-]{subsection.2.11}{\376\377\145\066\145\133\220\037\136\246}{section.2}% 20
\BOOKMARK [2][-]{subsection.2.12}{\376\377\122\035\120\074\220\011\123\326}{section.2}% 21
\BOOKMARK [2][-]{subsection.2.13}{\376\377\172\013\136\217\217\320\210\114\163\257\130\203}{section.2}% 22
\BOOKMARK [2][-]{subsection.2.14}{\376\377\123\072\225\364\217\154\143\142}{section.2}% 23
\BOOKMARK [1][-]{section.3}{\376\377\131\032\230\171\137\017\220\074\217\321}{}% 24
\BOOKMARK [2][-]{subsection.3.1}{\376\377\123\237\164\006\211\343\147\220}{section.3}% 25
\BOOKMARK [2][-]{subsection.3.2}{\376\377\173\227\154\325\155\101\172\013}{section.3}% 26
\BOOKMARK [2][-]{subsection.3.3}{\376\377\173\227\154\325\133\236\163\260}{section.3}% 27
\BOOKMARK [2][-]{subsection.3.4}{\376\377\172\013\136\217\150\106\126\376}{section.3}% 28
\BOOKMARK [2][-]{subsection.3.5}{\376\377\213\357\135\356\122\006\147\220}{section.3}% 29
\BOOKMARK [3][-]{subsubsection.3.5.1}{\376\377\145\271\154\325\213\357\135\356}{subsection.3.5}% 30
\BOOKMARK [3][-]{subsubsection.3.5.2}{\376\377\202\015\121\145\213\357\135\356}{subsection.3.5}% 31
\BOOKMARK [3][-]{subsubsection.3.5.3}{\376\377\140\073\213\357\135\356}{subsection.3.5}% 32
\BOOKMARK [2][-]{subsection.3.6}{\376\377\213\241\173\227\116\343\116\367}{section.3}% 33
\BOOKMARK [2][-]{subsection.3.7}{\376\377\145\066\145\133\220\037\136\246}{section.3}% 34
\BOOKMARK [1][-]{section.4}{\376\377\136\070\137\256\122\006\145\271\172\013}{}% 35
\BOOKMARK [2][-]{subsection.4.1}{\376\377\123\237\164\006\211\343\147\220}{section.4}% 36
\BOOKMARK [2][-]{subsection.4.2}{\376\377\173\227\154\325\155\101\172\013}{section.4}% 37
\BOOKMARK [2][-]{subsection.4.3}{\376\377\173\227\154\325\133\236\163\260}{section.4}% 38
\BOOKMARK [2][-]{subsection.4.4}{\376\377\172\013\136\217\150\106\126\376}{section.4}% 39
\BOOKMARK [2][-]{subsection.4.5}{\376\377\213\357\135\356\122\006\147\220}{section.4}% 40
\BOOKMARK [3][-]{subsubsection.4.5.1}{\376\377\145\271\154\325\213\357\135\356}{subsection.4.5}% 41
\BOOKMARK [3][-]{subsubsection.4.5.2}{\376\377\202\015\121\145\213\357\135\356}{subsection.4.5}% 42
\BOOKMARK [3][-]{subsubsection.4.5.3}{\376\377\140\073\213\357\135\356}{subsection.4.5}% 43
\BOOKMARK [2][-]{subsection.4.6}{\376\377\213\241\173\227\116\343\116\367}{section.4}% 44
\BOOKMARK [2][-]{subsection.4.7}{\376\377\145\066\145\133\220\037\136\246}{section.4}% 45
\BOOKMARK [1][-]{section.5}{\376\377\133\236\232\214\176\323\147\234}{}% 46
\BOOKMARK [2][-]{subsection.5.1}{\376\377\172\013\136\217\117\177\165\050\213\364\146\016}{section.5}% 47
\BOOKMARK [2][-]{subsection.5.2}{\376\377\133\236\232\214\176\323\147\234\122\006\147\220}{section.5}% 48
\BOOKMARK [1][-]{section.6}{\376\377\123\302\200\003\145\207\163\056}{}% 49
